<?xml version="1.0" encoding="UTF-8"?>
<!-- Generated by org.testng.reporters.JUnitReportReporter -->
<testsuite hostname="LAPTOP-58KVVUOH" failures="0" tests="2" name="com.googleTest.GoogleProject.GoogleTestClass" time="0.056" errors="0" timestamp="2021-03-02T14:26:36 IST" skipped="0">
  <testcase classname="com.googleTest.GoogleProject.GoogleTestClass" name="verifyImagesLink" time="0.049"/>
  <system-out/>
  <testcase classname="com.googleTest.GoogleProject.GoogleTestClass" name="verifyTitle" time="0.007"/>
  <system-out/>
</testsuite> <!-- com.googleTest.GoogleProject.GoogleTestClass -->
