<?xml version="1.0" encoding="UTF-8"?>
<!-- Generated by org.testng.reporters.JUnitReportReporter -->
<testsuite hostname="LAPTOP-58KVVUOH" failures="0" tests="1" name="com.googleTest.GoogleProject.TestClass" time="0.019" errors="0" timestamp="2021-03-03T11:28:04 IST" skipped="0">
  <testcase classname="com.googleTest.GoogleProject.TestClass" name="testTitle" time="0.019"/>
  <system-out/>
</testsuite> <!-- com.googleTest.GoogleProject.TestClass -->
