<?xml version="1.0" encoding="UTF-8"?>
<!-- Generated by org.testng.reporters.JUnitReportReporter -->
<testsuite hostname="LAPTOP-58KVVUOH" failures="0" tests="1" name="com.googleTest.GoogleProject.TestImageClass" time="4.034" errors="0" timestamp="2021-03-03T11:28:04 IST" skipped="0">
  <testcase classname="com.googleTest.GoogleProject.TestImageClass" name="testImage" time="4.034"/>
  <system-out/>
</testsuite> <!-- com.googleTest.GoogleProject.TestImageClass -->
